<?xml version="1.0" encoding="UTF-8"?>
<!-- Generated by org.testng.reporters.JUnitReportReporter -->
<testsuite hostname="DESKTOP-A2N5J10" failures="0" tests="1" name="api.test.RegistrationTest" time="2.243" errors="0" timestamp="2024-01-17T00:57:47 IST" skipped="0">
  <testcase classname="api.test.RegistrationTest" name="testPostsignIn" time="2.243"/>
</testsuite> <!-- api.test.RegistrationTest -->
